The system is: Linux - 3.13.0-100-generic - x86_64
Compiling the C compiler identification source file "CMakeCCompilerId.c" succeeded.
Compiler: /PROJ/oip/SDK/MG_20150807_M10_6.1.126p/MV_Tools/tools/arm-gnueabi/bin/arm-montavista-linux-gnueabi-gcc -tarmv6
Build flags: -isystem/home/uidj4668/ADK/imx6x-std-adk/armv7a-mv-linux/usr/include;-fexpensive-optimizations;-fomit-frame-pointer;-frename-registers;-O2;-g
Id flags: 

The output was:
0


Compilation of the C compiler identification source "CMakeCCompilerId.c" produced "a.out"

The C compiler identification is GNU, found in "/home/uidj4668/code/C/PortAudio/pacap/build/CMakeFiles/CompilerIdC/a.out"

Compiling the CXX compiler identification source file "CMakeCXXCompilerId.cpp" succeeded.
Compiler: /PROJ/oip/SDK/MG_20150807_M10_6.1.126p/MV_Tools/tools/arm-gnueabi/bin/arm-montavista-linux-gnueabi-g++ -tarmv6
Build flags: -isystem/home/uidj4668/ADK/imx6x-std-adk/armv7a-mv-linux/usr/include;-fexpensive-optimizations;-fomit-frame-pointer;-frename-registers;-O2;-g;-fpermissive
Id flags: 

The output was:
0


Compilation of the CXX compiler identification source "CMakeCXXCompilerId.cpp" produced "a.out"

The CXX compiler identification is GNU, found in "/home/uidj4668/code/C/PortAudio/pacap/build/CMakeFiles/CompilerIdCXX/a.out"

Determining if the C compiler works passed with the following output:
Change Dir: /home/uidj4668/code/C/PortAudio/pacap/build/CMakeFiles/CMakeTmp

Run Build Command:/home/uidj4668/ADK/imx6x-std-adk/x86_64-linux/usr/bin/make "cmTryCompileExec/fast"
/home/uidj4668/ADK/imx6x-std-adk/x86_64-linux/usr/bin/make -f CMakeFiles/cmTryCompileExec.dir/build.make CMakeFiles/cmTryCompileExec.dir/build
make[1]: Entering directory `/home/uidj4668/code/C/PortAudio/pacap/build/CMakeFiles/CMakeTmp'
/home/uidj4668/ADK/imx6x-std-adk/x86_64-linux/usr/bin/cmake -E cmake_progress_report /home/uidj4668/code/C/PortAudio/pacap/build/CMakeFiles/CMakeTmp/CMakeFiles 1
Building C object CMakeFiles/cmTryCompileExec.dir/testCCompiler.c.o
/PROJ/oip/SDK/MG_20150807_M10_6.1.126p/MV_Tools/tools/arm-gnueabi/bin/arm-montavista-linux-gnueabi-gcc    -tarmv6   -isystem/home/uidj4668/ADK/imx6x-std-adk/armv7a-mv-linux/usr/include -fexpensive-optimizations -fomit-frame-pointer -frename-registers -O2 -g      -o CMakeFiles/cmTryCompileExec.dir/testCCompiler.c.o   -c /home/uidj4668/code/C/PortAudio/pacap/build/CMakeFiles/CMakeTmp/testCCompiler.c
Linking C executable cmTryCompileExec
/home/uidj4668/ADK/imx6x-std-adk/x86_64-linux/usr/bin/cmake -E cmake_link_script CMakeFiles/cmTryCompileExec.dir/link.txt --verbose=1
/PROJ/oip/SDK/MG_20150807_M10_6.1.126p/MV_Tools/tools/arm-gnueabi/bin/arm-montavista-linux-gnueabi-gcc    -tarmv6   -isystem/home/uidj4668/ADK/imx6x-std-adk/armv7a-mv-linux/usr/include -fexpensive-optimizations -fomit-frame-pointer -frename-registers -O2 -g      -L/home/uidj4668/ADK/imx6x-std-adk/armv7a-mv-linux/usr/lib -Wl,-rpath-link,/home/uidj4668/ADK/imx6x-std-adk/armv7a-mv-linux/usr/lib -Wl,-O1  CMakeFiles/cmTryCompileExec.dir/testCCompiler.c.o  -o cmTryCompileExec -rdynamic 
make[1]: Leaving directory `/home/uidj4668/code/C/PortAudio/pacap/build/CMakeFiles/CMakeTmp'


Detecting C compiler ABI info compiled with the following output:
Change Dir: /home/uidj4668/code/C/PortAudio/pacap/build/CMakeFiles/CMakeTmp

Run Build Command:/home/uidj4668/ADK/imx6x-std-adk/x86_64-linux/usr/bin/make "cmTryCompileExec/fast"
/home/uidj4668/ADK/imx6x-std-adk/x86_64-linux/usr/bin/make -f CMakeFiles/cmTryCompileExec.dir/build.make CMakeFiles/cmTryCompileExec.dir/build
make[1]: Entering directory `/home/uidj4668/code/C/PortAudio/pacap/build/CMakeFiles/CMakeTmp'
/home/uidj4668/ADK/imx6x-std-adk/x86_64-linux/usr/bin/cmake -E cmake_progress_report /home/uidj4668/code/C/PortAudio/pacap/build/CMakeFiles/CMakeTmp/CMakeFiles 1
Building C object CMakeFiles/cmTryCompileExec.dir/CMakeCCompilerABI.c.o
/PROJ/oip/SDK/MG_20150807_M10_6.1.126p/MV_Tools/tools/arm-gnueabi/bin/arm-montavista-linux-gnueabi-gcc    -tarmv6   -isystem/home/uidj4668/ADK/imx6x-std-adk/armv7a-mv-linux/usr/include -fexpensive-optimizations -fomit-frame-pointer -frename-registers -O2 -g      -o CMakeFiles/cmTryCompileExec.dir/CMakeCCompilerABI.c.o   -c /home/uidj4668/ADK/imx6x-std-adk/x86_64-linux/usr/share/cmake-2.8/Modules/CMakeCCompilerABI.c
Linking C executable cmTryCompileExec
/home/uidj4668/ADK/imx6x-std-adk/x86_64-linux/usr/bin/cmake -E cmake_link_script CMakeFiles/cmTryCompileExec.dir/link.txt --verbose=1
/PROJ/oip/SDK/MG_20150807_M10_6.1.126p/MV_Tools/tools/arm-gnueabi/bin/arm-montavista-linux-gnueabi-gcc    -tarmv6   -isystem/home/uidj4668/ADK/imx6x-std-adk/armv7a-mv-linux/usr/include -fexpensive-optimizations -fomit-frame-pointer -frename-registers -O2 -g     -v CMakeFiles/cmTryCompileExec.dir/CMakeCCompilerABI.c.o  -o cmTryCompileExec -rdynamic  
Using built-in specs.
Target: arm-montavista-linux-gnueabi
Configured with: /home/build/4.4-arm-gnueabi/src/gcc-4.4-2010q1-mv/configure --build=i686-pc-linux-gnu --host=i686-pc-linux-gnu --target=arm-montavista-linux-gnueabi --enable-threads --disable-libmudflap --disable-libssp --disable-libstdcxx-pch --with-gnu-as --with-gnu-ld --with-specs='%{save-temps: -fverbose-asm} %{funwind-tables|fno-unwind-tables|mabi=*|ffreestanding|nostdlib:;:-funwind-tables} %{O2:%{!fno-remove-local-statics: -fremove-local-statics}} %{O*:%{O|O0|O1|O2|Os:;:%{!fno-remove-local-statics: -fremove-local-statics}}}' --enable-languages=c,c++ --enable-shared --disable-lto --enable-symvers=gnu --enable-__cxa_atexit --with-pkgversion='MontaVista Linux G++ 4.4-1302012138' --with-bugurl=http://support.mvista.com/ --disable-nls --prefix=/opt/montavista --with-sysroot=/opt/montavista/arm-montavista-linux-gnueabi/libc --with-build-sysroot=/home/build/4.4-arm-gnueabi/install/arm-montavista-linux-gnueabi/libc --with-gmp=/home/build/4.4-arm-gnueabi/obj/host-libs-4.4-1302012138-arm-montavista-linux-gnueabi-i686-pc-linux-gnu/usr --with-mpfr=/home/build/4.4-arm-gnueabi/obj/host-libs-4.4-1302012138-arm-montavista-linux-gnueabi-i686-pc-linux-gnu/usr --with-ppl=/home/build/4.4-arm-gnueabi/obj/host-libs-4.4-1302012138-arm-montavista-linux-gnueabi-i686-pc-linux-gnu/usr --with-host-libstdcxx='-static-libgcc -Wl,-Bstatic,-lstdc++,-Bdynamic -lm' --with-cloog=/home/build/4.4-arm-gnueabi/obj/host-libs-4.4-1302012138-arm-montavista-linux-gnueabi-i686-pc-linux-gnu/usr --with-libelf=/home/build/4.4-arm-gnueabi/obj/host-libs-4.4-1302012138-arm-montavista-linux-gnueabi-i686-pc-linux-gnu/usr --enable-libgomp --with-license=/home/build/4.4-arm-gnueabi/obj/host-libs-4.4-1302012138-arm-montavista-linux-gnueabi-i686-pc-linux-gnu/usr --with-csl-license-version=20101024 --with-csl-license-feature=gcc_ARM_MontaVista_Linux --enable-poison-system-directories --with-build-time-tools=/home/build/4.4-arm-gnueabi/install/arm-montavista-linux-gnueabi/bin --with-build-time-tools=/home/build/4.4-arm-gnueabi/install/arm-montavista-linux-gnueabi/bin
Thread model: posix
gcc version 4.4.1 (MontaVista Linux G++ 4.4-1302012138) 
COMPILER_PATH=/PROJ/oip/SDK/MG_20150807_M10_6.1.126p/MV_Tools/tools/arm-gnueabi/bin/../libexec/gcc/arm-montavista-linux-gnueabi/4.4.1/:/PROJ/oip/SDK/MG_20150807_M10_6.1.126p/MV_Tools/tools/arm-gnueabi/bin/../libexec/gcc/:/PROJ/oip/SDK/MG_20150807_M10_6.1.126p/MV_Tools/tools/arm-gnueabi/bin/../lib/gcc/arm-montavista-linux-gnueabi/4.4.1/../../../../arm-montavista-linux-gnueabi/bin/
LIBRARY_PATH=/PROJ/oip/SDK/MG_20150807_M10_6.1.126p/MV_Tools/tools/arm-gnueabi/bin/../lib/gcc/arm-montavista-linux-gnueabi/4.4.1/armv6/:/PROJ/oip/SDK/MG_20150807_M10_6.1.126p/MV_Tools/tools/arm-gnueabi/bin/../lib/gcc/arm-montavista-linux-gnueabi/4.4.1/../../../../arm-montavista-linux-gnueabi/lib/armv6/:/PROJ/oip/SDK/MG_20150807_M10_6.1.126p/MV_Tools/tools/arm-gnueabi/bin/../lib/gcc/arm-montavista-linux-gnueabi/4.4.1/:/PROJ/oip/SDK/MG_20150807_M10_6.1.126p/MV_Tools/tools/arm-gnueabi/bin/../lib/gcc/:/PROJ/oip/SDK/MG_20150807_M10_6.1.126p/MV_Tools/tools/arm-gnueabi/bin/../lib/gcc/arm-montavista-linux-gnueabi/4.4.1/../../../../arm-montavista-linux-gnueabi/lib/:/PROJ/oip/SDK/MG_20150807_M10_6.1.126p/MV_Tools/tools/arm-gnueabi/bin/../arm-montavista-linux-gnueabi/libc/armv6/lib/:/PROJ/oip/SDK/MG_20150807_M10_6.1.126p/MV_Tools/tools/arm-gnueabi/bin/../arm-montavista-linux-gnueabi/libc/armv6/usr/lib/
COLLECT_GCC_OPTIONS='-tarmv6' '-isystem/home/uidj4668/ADK/imx6x-std-adk/armv7a-mv-linux/usr/include' '-fexpensive-optimizations' '-fomit-frame-pointer' '-frename-registers' '-O2' '-g' '-v' '-o' 'cmTryCompileExec' '-rdynamic' '-funwind-tables' '-fremove-local-statics'
 /PROJ/oip/SDK/MG_20150807_M10_6.1.126p/MV_Tools/tools/arm-gnueabi/bin/../libexec/gcc/arm-montavista-linux-gnueabi/4.4.1/collect2 --sysroot=/PROJ/oip/SDK/MG_20150807_M10_6.1.126p/MV_Tools/tools/arm-gnueabi/bin/../arm-montavista-linux-gnueabi/libc/armv6 --eh-frame-hdr -export-dynamic -dynamic-linker /lib/ld-linux.so.3 -X -m armelf_linux_eabi -o cmTryCompileExec /PROJ/oip/SDK/MG_20150807_M10_6.1.126p/MV_Tools/tools/arm-gnueabi/bin/../arm-montavista-linux-gnueabi/libc/armv6/usr/lib/crt1.o /PROJ/oip/SDK/MG_20150807_M10_6.1.126p/MV_Tools/tools/arm-gnueabi/bin/../arm-montavista-linux-gnueabi/libc/armv6/usr/lib/crti.o /PROJ/oip/SDK/MG_20150807_M10_6.1.126p/MV_Tools/tools/arm-gnueabi/bin/../lib/gcc/arm-montavista-linux-gnueabi/4.4.1/armv6/crtbegin.o -L/PROJ/oip/SDK/MG_20150807_M10_6.1.126p/MV_Tools/tools/arm-gnueabi/bin/../lib/gcc/arm-montavista-linux-gnueabi/4.4.1/armv6 -L/PROJ/oip/SDK/MG_20150807_M10_6.1.126p/MV_Tools/tools/arm-gnueabi/bin/../lib/gcc/arm-montavista-linux-gnueabi/4.4.1/../../../../arm-montavista-linux-gnueabi/lib/armv6 -L/PROJ/oip/SDK/MG_20150807_M10_6.1.126p/MV_Tools/tools/arm-gnueabi/bin/../lib/gcc/arm-montavista-linux-gnueabi/4.4.1 -L/PROJ/oip/SDK/MG_20150807_M10_6.1.126p/MV_Tools/tools/arm-gnueabi/bin/../lib/gcc -L/PROJ/oip/SDK/MG_20150807_M10_6.1.126p/MV_Tools/tools/arm-gnueabi/bin/../lib/gcc/arm-montavista-linux-gnueabi/4.4.1/../../../../arm-montavista-linux-gnueabi/lib -L/PROJ/oip/SDK/MG_20150807_M10_6.1.126p/MV_Tools/tools/arm-gnueabi/bin/../arm-montavista-linux-gnueabi/libc/armv6/lib -L/PROJ/oip/SDK/MG_20150807_M10_6.1.126p/MV_Tools/tools/arm-gnueabi/bin/../arm-montavista-linux-gnueabi/libc/armv6/usr/lib CMakeFiles/cmTryCompileExec.dir/CMakeCCompilerABI.c.o -lgcc --as-needed -lgcc_s --no-as-needed -lc -lgcc --as-needed -lgcc_s --no-as-needed /PROJ/oip/SDK/MG_20150807_M10_6.1.126p/MV_Tools/tools/arm-gnueabi/bin/../lib/gcc/arm-montavista-linux-gnueabi/4.4.1/armv6/crtend.o /PROJ/oip/SDK/MG_20150807_M10_6.1.126p/MV_Tools/tools/arm-gnueabi/bin/../arm-montavista-linux-gnueabi/libc/armv6/usr/lib/crtn.o
make[1]: Leaving directory `/home/uidj4668/code/C/PortAudio/pacap/build/CMakeFiles/CMakeTmp'


Parsed C implicit link information from above output:
  link line regex: [^( *|.*[/\])(ld|ld|collect2)[^/\]*( |$)]
  ignore line: [Change Dir: /home/uidj4668/code/C/PortAudio/pacap/build/CMakeFiles/CMakeTmp]
  ignore line: []
  ignore line: [Run Build Command:/home/uidj4668/ADK/imx6x-std-adk/x86_64-linux/usr/bin/make "cmTryCompileExec/fast"]
  ignore line: [/home/uidj4668/ADK/imx6x-std-adk/x86_64-linux/usr/bin/make -f CMakeFiles/cmTryCompileExec.dir/build.make CMakeFiles/cmTryCompileExec.dir/build]
  ignore line: [make[1]: Entering directory `/home/uidj4668/code/C/PortAudio/pacap/build/CMakeFiles/CMakeTmp']
  ignore line: [/home/uidj4668/ADK/imx6x-std-adk/x86_64-linux/usr/bin/cmake -E cmake_progress_report /home/uidj4668/code/C/PortAudio/pacap/build/CMakeFiles/CMakeTmp/CMakeFiles 1]
  ignore line: [Building C object CMakeFiles/cmTryCompileExec.dir/CMakeCCompilerABI.c.o]
  ignore line: [/PROJ/oip/SDK/MG_20150807_M10_6.1.126p/MV_Tools/tools/arm-gnueabi/bin/arm-montavista-linux-gnueabi-gcc    -tarmv6   -isystem/home/uidj4668/ADK/imx6x-std-adk/armv7a-mv-linux/usr/include -fexpensive-optimizations -fomit-frame-pointer -frename-registers -O2 -g      -o CMakeFiles/cmTryCompileExec.dir/CMakeCCompilerABI.c.o   -c /home/uidj4668/ADK/imx6x-std-adk/x86_64-linux/usr/share/cmake-2.8/Modules/CMakeCCompilerABI.c]
  ignore line: [Linking C executable cmTryCompileExec]
  ignore line: [/home/uidj4668/ADK/imx6x-std-adk/x86_64-linux/usr/bin/cmake -E cmake_link_script CMakeFiles/cmTryCompileExec.dir/link.txt --verbose=1]
  ignore line: [/PROJ/oip/SDK/MG_20150807_M10_6.1.126p/MV_Tools/tools/arm-gnueabi/bin/arm-montavista-linux-gnueabi-gcc    -tarmv6   -isystem/home/uidj4668/ADK/imx6x-std-adk/armv7a-mv-linux/usr/include -fexpensive-optimizations -fomit-frame-pointer -frename-registers -O2 -g     -v CMakeFiles/cmTryCompileExec.dir/CMakeCCompilerABI.c.o  -o cmTryCompileExec -rdynamic  ]
  ignore line: [Using built-in specs.]
  ignore line: [Target: arm-montavista-linux-gnueabi]
  ignore line: [Configured with: /home/build/4.4-arm-gnueabi/src/gcc-4.4-2010q1-mv/configure --build=i686-pc-linux-gnu --host=i686-pc-linux-gnu --target=arm-montavista-linux-gnueabi --enable-threads --disable-libmudflap --disable-libssp --disable-libstdcxx-pch --with-gnu-as --with-gnu-ld --with-specs='%{save-temps: -fverbose-asm} %{funwind-tables|fno-unwind-tables|mabi=*|ffreestanding|nostdlib:]
  ignore line: [:-funwind-tables} %{O2:%{!fno-remove-local-statics: -fremove-local-statics}} %{O*:%{O|O0|O1|O2|Os:]
  ignore line: [:%{!fno-remove-local-statics: -fremove-local-statics}}}' --enable-languages=c,c++ --enable-shared --disable-lto --enable-symvers=gnu --enable-__cxa_atexit --with-pkgversion='MontaVista Linux G++ 4.4-1302012138' --with-bugurl=http://support.mvista.com/ --disable-nls --prefix=/opt/montavista --with-sysroot=/opt/montavista/arm-montavista-linux-gnueabi/libc --with-build-sysroot=/home/build/4.4-arm-gnueabi/install/arm-montavista-linux-gnueabi/libc --with-gmp=/home/build/4.4-arm-gnueabi/obj/host-libs-4.4-1302012138-arm-montavista-linux-gnueabi-i686-pc-linux-gnu/usr --with-mpfr=/home/build/4.4-arm-gnueabi/obj/host-libs-4.4-1302012138-arm-montavista-linux-gnueabi-i686-pc-linux-gnu/usr --with-ppl=/home/build/4.4-arm-gnueabi/obj/host-libs-4.4-1302012138-arm-montavista-linux-gnueabi-i686-pc-linux-gnu/usr --with-host-libstdcxx='-static-libgcc -Wl,-Bstatic,-lstdc++,-Bdynamic -lm' --with-cloog=/home/build/4.4-arm-gnueabi/obj/host-libs-4.4-1302012138-arm-montavista-linux-gnueabi-i686-pc-linux-gnu/usr --with-libelf=/home/build/4.4-arm-gnueabi/obj/host-libs-4.4-1302012138-arm-montavista-linux-gnueabi-i686-pc-linux-gnu/usr --enable-libgomp --with-license=/home/build/4.4-arm-gnueabi/obj/host-libs-4.4-1302012138-arm-montavista-linux-gnueabi-i686-pc-linux-gnu/usr --with-csl-license-version=20101024 --with-csl-license-feature=gcc_ARM_MontaVista_Linux --enable-poison-system-directories --with-build-time-tools=/home/build/4.4-arm-gnueabi/install/arm-montavista-linux-gnueabi/bin --with-build-time-tools=/home/build/4.4-arm-gnueabi/install/arm-montavista-linux-gnueabi/bin]
  ignore line: [Thread model: posix]
  ignore line: [gcc version 4.4.1 (MontaVista Linux G++ 4.4-1302012138) ]
  ignore line: [COMPILER_PATH=/PROJ/oip/SDK/MG_20150807_M10_6.1.126p/MV_Tools/tools/arm-gnueabi/bin/../libexec/gcc/arm-montavista-linux-gnueabi/4.4.1/:/PROJ/oip/SDK/MG_20150807_M10_6.1.126p/MV_Tools/tools/arm-gnueabi/bin/../libexec/gcc/:/PROJ/oip/SDK/MG_20150807_M10_6.1.126p/MV_Tools/tools/arm-gnueabi/bin/../lib/gcc/arm-montavista-linux-gnueabi/4.4.1/../../../../arm-montavista-linux-gnueabi/bin/]
  ignore line: [LIBRARY_PATH=/PROJ/oip/SDK/MG_20150807_M10_6.1.126p/MV_Tools/tools/arm-gnueabi/bin/../lib/gcc/arm-montavista-linux-gnueabi/4.4.1/armv6/:/PROJ/oip/SDK/MG_20150807_M10_6.1.126p/MV_Tools/tools/arm-gnueabi/bin/../lib/gcc/arm-montavista-linux-gnueabi/4.4.1/../../../../arm-montavista-linux-gnueabi/lib/armv6/:/PROJ/oip/SDK/MG_20150807_M10_6.1.126p/MV_Tools/tools/arm-gnueabi/bin/../lib/gcc/arm-montavista-linux-gnueabi/4.4.1/:/PROJ/oip/SDK/MG_20150807_M10_6.1.126p/MV_Tools/tools/arm-gnueabi/bin/../lib/gcc/:/PROJ/oip/SDK/MG_20150807_M10_6.1.126p/MV_Tools/tools/arm-gnueabi/bin/../lib/gcc/arm-montavista-linux-gnueabi/4.4.1/../../../../arm-montavista-linux-gnueabi/lib/:/PROJ/oip/SDK/MG_20150807_M10_6.1.126p/MV_Tools/tools/arm-gnueabi/bin/../arm-montavista-linux-gnueabi/libc/armv6/lib/:/PROJ/oip/SDK/MG_20150807_M10_6.1.126p/MV_Tools/tools/arm-gnueabi/bin/../arm-montavista-linux-gnueabi/libc/armv6/usr/lib/]
  ignore line: [COLLECT_GCC_OPTIONS='-tarmv6' '-isystem/home/uidj4668/ADK/imx6x-std-adk/armv7a-mv-linux/usr/include' '-fexpensive-optimizations' '-fomit-frame-pointer' '-frename-registers' '-O2' '-g' '-v' '-o' 'cmTryCompileExec' '-rdynamic' '-funwind-tables' '-fremove-local-statics']
  link line: [ /PROJ/oip/SDK/MG_20150807_M10_6.1.126p/MV_Tools/tools/arm-gnueabi/bin/../libexec/gcc/arm-montavista-linux-gnueabi/4.4.1/collect2 --sysroot=/PROJ/oip/SDK/MG_20150807_M10_6.1.126p/MV_Tools/tools/arm-gnueabi/bin/../arm-montavista-linux-gnueabi/libc/armv6 --eh-frame-hdr -export-dynamic -dynamic-linker /lib/ld-linux.so.3 -X -m armelf_linux_eabi -o cmTryCompileExec /PROJ/oip/SDK/MG_20150807_M10_6.1.126p/MV_Tools/tools/arm-gnueabi/bin/../arm-montavista-linux-gnueabi/libc/armv6/usr/lib/crt1.o /PROJ/oip/SDK/MG_20150807_M10_6.1.126p/MV_Tools/tools/arm-gnueabi/bin/../arm-montavista-linux-gnueabi/libc/armv6/usr/lib/crti.o /PROJ/oip/SDK/MG_20150807_M10_6.1.126p/MV_Tools/tools/arm-gnueabi/bin/../lib/gcc/arm-montavista-linux-gnueabi/4.4.1/armv6/crtbegin.o -L/PROJ/oip/SDK/MG_20150807_M10_6.1.126p/MV_Tools/tools/arm-gnueabi/bin/../lib/gcc/arm-montavista-linux-gnueabi/4.4.1/armv6 -L/PROJ/oip/SDK/MG_20150807_M10_6.1.126p/MV_Tools/tools/arm-gnueabi/bin/../lib/gcc/arm-montavista-linux-gnueabi/4.4.1/../../../../arm-montavista-linux-gnueabi/lib/armv6 -L/PROJ/oip/SDK/MG_20150807_M10_6.1.126p/MV_Tools/tools/arm-gnueabi/bin/../lib/gcc/arm-montavista-linux-gnueabi/4.4.1 -L/PROJ/oip/SDK/MG_20150807_M10_6.1.126p/MV_Tools/tools/arm-gnueabi/bin/../lib/gcc -L/PROJ/oip/SDK/MG_20150807_M10_6.1.126p/MV_Tools/tools/arm-gnueabi/bin/../lib/gcc/arm-montavista-linux-gnueabi/4.4.1/../../../../arm-montavista-linux-gnueabi/lib -L/PROJ/oip/SDK/MG_20150807_M10_6.1.126p/MV_Tools/tools/arm-gnueabi/bin/../arm-montavista-linux-gnueabi/libc/armv6/lib -L/PROJ/oip/SDK/MG_20150807_M10_6.1.126p/MV_Tools/tools/arm-gnueabi/bin/../arm-montavista-linux-gnueabi/libc/armv6/usr/lib CMakeFiles/cmTryCompileExec.dir/CMakeCCompilerABI.c.o -lgcc --as-needed -lgcc_s --no-as-needed -lc -lgcc --as-needed -lgcc_s --no-as-needed /PROJ/oip/SDK/MG_20150807_M10_6.1.126p/MV_Tools/tools/arm-gnueabi/bin/../lib/gcc/arm-montavista-linux-gnueabi/4.4.1/armv6/crtend.o /PROJ/oip/SDK/MG_20150807_M10_6.1.126p/MV_Tools/tools/arm-gnueabi/bin/../arm-montavista-linux-gnueabi/libc/armv6/usr/lib/crtn.o]
    arg [/PROJ/oip/SDK/MG_20150807_M10_6.1.126p/MV_Tools/tools/arm-gnueabi/bin/../libexec/gcc/arm-montavista-linux-gnueabi/4.4.1/collect2] ==> ignore
    arg [--sysroot=/PROJ/oip/SDK/MG_20150807_M10_6.1.126p/MV_Tools/tools/arm-gnueabi/bin/../arm-montavista-linux-gnueabi/libc/armv6] ==> ignore
    arg [--eh-frame-hdr] ==> ignore
    arg [-export-dynamic] ==> ignore
    arg [-dynamic-linker] ==> ignore
    arg [/lib/ld-linux.so.3] ==> ignore
    arg [-X] ==> ignore
    arg [-m] ==> ignore
    arg [armelf_linux_eabi] ==> ignore
    arg [-o] ==> ignore
    arg [cmTryCompileExec] ==> ignore
    arg [/PROJ/oip/SDK/MG_20150807_M10_6.1.126p/MV_Tools/tools/arm-gnueabi/bin/../arm-montavista-linux-gnueabi/libc/armv6/usr/lib/crt1.o] ==> ignore
    arg [/PROJ/oip/SDK/MG_20150807_M10_6.1.126p/MV_Tools/tools/arm-gnueabi/bin/../arm-montavista-linux-gnueabi/libc/armv6/usr/lib/crti.o] ==> ignore
    arg [/PROJ/oip/SDK/MG_20150807_M10_6.1.126p/MV_Tools/tools/arm-gnueabi/bin/../lib/gcc/arm-montavista-linux-gnueabi/4.4.1/armv6/crtbegin.o] ==> ignore
    arg [-L/PROJ/oip/SDK/MG_20150807_M10_6.1.126p/MV_Tools/tools/arm-gnueabi/bin/../lib/gcc/arm-montavista-linux-gnueabi/4.4.1/armv6] ==> dir [/PROJ/oip/SDK/MG_20150807_M10_6.1.126p/MV_Tools/tools/arm-gnueabi/bin/../lib/gcc/arm-montavista-linux-gnueabi/4.4.1/armv6]
    arg [-L/PROJ/oip/SDK/MG_20150807_M10_6.1.126p/MV_Tools/tools/arm-gnueabi/bin/../lib/gcc/arm-montavista-linux-gnueabi/4.4.1/../../../../arm-montavista-linux-gnueabi/lib/armv6] ==> dir [/PROJ/oip/SDK/MG_20150807_M10_6.1.126p/MV_Tools/tools/arm-gnueabi/bin/../lib/gcc/arm-montavista-linux-gnueabi/4.4.1/../../../../arm-montavista-linux-gnueabi/lib/armv6]
    arg [-L/PROJ/oip/SDK/MG_20150807_M10_6.1.126p/MV_Tools/tools/arm-gnueabi/bin/../lib/gcc/arm-montavista-linux-gnueabi/4.4.1] ==> dir [/PROJ/oip/SDK/MG_20150807_M10_6.1.126p/MV_Tools/tools/arm-gnueabi/bin/../lib/gcc/arm-montavista-linux-gnueabi/4.4.1]
    arg [-L/PROJ/oip/SDK/MG_20150807_M10_6.1.126p/MV_Tools/tools/arm-gnueabi/bin/../lib/gcc] ==> dir [/PROJ/oip/SDK/MG_20150807_M10_6.1.126p/MV_Tools/tools/arm-gnueabi/bin/../lib/gcc]
    arg [-L/PROJ/oip/SDK/MG_20150807_M10_6.1.126p/MV_Tools/tools/arm-gnueabi/bin/../lib/gcc/arm-montavista-linux-gnueabi/4.4.1/../../../../arm-montavista-linux-gnueabi/lib] ==> dir [/PROJ/oip/SDK/MG_20150807_M10_6.1.126p/MV_Tools/tools/arm-gnueabi/bin/../lib/gcc/arm-montavista-linux-gnueabi/4.4.1/../../../../arm-montavista-linux-gnueabi/lib]
    arg [-L/PROJ/oip/SDK/MG_20150807_M10_6.1.126p/MV_Tools/tools/arm-gnueabi/bin/../arm-montavista-linux-gnueabi/libc/armv6/lib] ==> dir [/PROJ/oip/SDK/MG_20150807_M10_6.1.126p/MV_Tools/tools/arm-gnueabi/bin/../arm-montavista-linux-gnueabi/libc/armv6/lib]
    arg [-L/PROJ/oip/SDK/MG_20150807_M10_6.1.126p/MV_Tools/tools/arm-gnueabi/bin/../arm-montavista-linux-gnueabi/libc/armv6/usr/lib] ==> dir [/PROJ/oip/SDK/MG_20150807_M10_6.1.126p/MV_Tools/tools/arm-gnueabi/bin/../arm-montavista-linux-gnueabi/libc/armv6/usr/lib]
    arg [CMakeFiles/cmTryCompileExec.dir/CMakeCCompilerABI.c.o] ==> ignore
    arg [-lgcc] ==> lib [gcc]
    arg [--as-needed] ==> ignore
    arg [-lgcc_s] ==> lib [gcc_s]
    arg [--no-as-needed] ==> ignore
    arg [-lc] ==> lib [c]
    arg [-lgcc] ==> lib [gcc]
    arg [--as-needed] ==> ignore
    arg [-lgcc_s] ==> lib [gcc_s]
    arg [--no-as-needed] ==> ignore
    arg [/PROJ/oip/SDK/MG_20150807_M10_6.1.126p/MV_Tools/tools/arm-gnueabi/bin/../lib/gcc/arm-montavista-linux-gnueabi/4.4.1/armv6/crtend.o] ==> ignore
    arg [/PROJ/oip/SDK/MG_20150807_M10_6.1.126p/MV_Tools/tools/arm-gnueabi/bin/../arm-montavista-linux-gnueabi/libc/armv6/usr/lib/crtn.o] ==> ignore
  remove lib [gcc]
  remove lib [gcc_s]
  remove lib [gcc]
  remove lib [gcc_s]
  collapse dir [/PROJ/oip/SDK/MG_20150807_M10_6.1.126p/MV_Tools/tools/arm-gnueabi/bin/../lib/gcc/arm-montavista-linux-gnueabi/4.4.1/armv6] ==> [/PROJ/oip/SDK/MG_20150807_M10_6.1.126p/MV_Tools/tools/arm-gnueabi/lib/gcc/arm-montavista-linux-gnueabi/4.4.1/armv6]
  collapse dir [/PROJ/oip/SDK/MG_20150807_M10_6.1.126p/MV_Tools/tools/arm-gnueabi/bin/../lib/gcc/arm-montavista-linux-gnueabi/4.4.1/../../../../arm-montavista-linux-gnueabi/lib/armv6] ==> [/PROJ/oip/SDK/MG_20150807_M10_6.1.126p/MV_Tools/tools/arm-gnueabi/arm-montavista-linux-gnueabi/lib/armv6]
  collapse dir [/PROJ/oip/SDK/MG_20150807_M10_6.1.126p/MV_Tools/tools/arm-gnueabi/bin/../lib/gcc/arm-montavista-linux-gnueabi/4.4.1] ==> [/PROJ/oip/SDK/MG_20150807_M10_6.1.126p/MV_Tools/tools/arm-gnueabi/lib/gcc/arm-montavista-linux-gnueabi/4.4.1]
  collapse dir [/PROJ/oip/SDK/MG_20150807_M10_6.1.126p/MV_Tools/tools/arm-gnueabi/bin/../lib/gcc] ==> [/PROJ/oip/SDK/MG_20150807_M10_6.1.126p/MV_Tools/tools/arm-gnueabi/lib/gcc]
  collapse dir [/PROJ/oip/SDK/MG_20150807_M10_6.1.126p/MV_Tools/tools/arm-gnueabi/bin/../lib/gcc/arm-montavista-linux-gnueabi/4.4.1/../../../../arm-montavista-linux-gnueabi/lib] ==> [/PROJ/oip/SDK/MG_20150807_M10_6.1.126p/MV_Tools/tools/arm-gnueabi/arm-montavista-linux-gnueabi/lib]
  collapse dir [/PROJ/oip/SDK/MG_20150807_M10_6.1.126p/MV_Tools/tools/arm-gnueabi/bin/../arm-montavista-linux-gnueabi/libc/armv6/lib] ==> [/PROJ/oip/SDK/MG_20150807_M10_6.1.126p/MV_Tools/tools/arm-gnueabi/arm-montavista-linux-gnueabi/libc/armv6/lib]
  collapse dir [/PROJ/oip/SDK/MG_20150807_M10_6.1.126p/MV_Tools/tools/arm-gnueabi/bin/../arm-montavista-linux-gnueabi/libc/armv6/usr/lib] ==> [/PROJ/oip/SDK/MG_20150807_M10_6.1.126p/MV_Tools/tools/arm-gnueabi/arm-montavista-linux-gnueabi/libc/armv6/usr/lib]
  implicit libs: [c]
  implicit dirs: [/PROJ/oip/SDK/MG_20150807_M10_6.1.126p/MV_Tools/tools/arm-gnueabi/lib/gcc/arm-montavista-linux-gnueabi/4.4.1/armv6;/PROJ/oip/SDK/MG_20150807_M10_6.1.126p/MV_Tools/tools/arm-gnueabi/arm-montavista-linux-gnueabi/lib/armv6;/PROJ/oip/SDK/MG_20150807_M10_6.1.126p/MV_Tools/tools/arm-gnueabi/lib/gcc/arm-montavista-linux-gnueabi/4.4.1;/PROJ/oip/SDK/MG_20150807_M10_6.1.126p/MV_Tools/tools/arm-gnueabi/lib/gcc;/PROJ/oip/SDK/MG_20150807_M10_6.1.126p/MV_Tools/tools/arm-gnueabi/arm-montavista-linux-gnueabi/lib;/PROJ/oip/SDK/MG_20150807_M10_6.1.126p/MV_Tools/tools/arm-gnueabi/arm-montavista-linux-gnueabi/libc/armv6/lib;/PROJ/oip/SDK/MG_20150807_M10_6.1.126p/MV_Tools/tools/arm-gnueabi/arm-montavista-linux-gnueabi/libc/armv6/usr/lib]


Determining if the CXX compiler works passed with the following output:
Change Dir: /home/uidj4668/code/C/PortAudio/pacap/build/CMakeFiles/CMakeTmp

Run Build Command:/home/uidj4668/ADK/imx6x-std-adk/x86_64-linux/usr/bin/make "cmTryCompileExec/fast"
/home/uidj4668/ADK/imx6x-std-adk/x86_64-linux/usr/bin/make -f CMakeFiles/cmTryCompileExec.dir/build.make CMakeFiles/cmTryCompileExec.dir/build
make[1]: Entering directory `/home/uidj4668/code/C/PortAudio/pacap/build/CMakeFiles/CMakeTmp'
/home/uidj4668/ADK/imx6x-std-adk/x86_64-linux/usr/bin/cmake -E cmake_progress_report /home/uidj4668/code/C/PortAudio/pacap/build/CMakeFiles/CMakeTmp/CMakeFiles 1
Building CXX object CMakeFiles/cmTryCompileExec.dir/testCXXCompiler.cxx.o
/PROJ/oip/SDK/MG_20150807_M10_6.1.126p/MV_Tools/tools/arm-gnueabi/bin/arm-montavista-linux-gnueabi-g++    -tarmv6    -isystem/home/uidj4668/ADK/imx6x-std-adk/armv7a-mv-linux/usr/include -fexpensive-optimizations -fomit-frame-pointer -frename-registers -O2 -g -fpermissive      -o CMakeFiles/cmTryCompileExec.dir/testCXXCompiler.cxx.o -c /home/uidj4668/code/C/PortAudio/pacap/build/CMakeFiles/CMakeTmp/testCXXCompiler.cxx
Linking CXX executable cmTryCompileExec
/home/uidj4668/ADK/imx6x-std-adk/x86_64-linux/usr/bin/cmake -E cmake_link_script CMakeFiles/cmTryCompileExec.dir/link.txt --verbose=1
/PROJ/oip/SDK/MG_20150807_M10_6.1.126p/MV_Tools/tools/arm-gnueabi/bin/arm-montavista-linux-gnueabi-g++    -tarmv6    -isystem/home/uidj4668/ADK/imx6x-std-adk/armv7a-mv-linux/usr/include -fexpensive-optimizations -fomit-frame-pointer -frename-registers -O2 -g -fpermissive      -L/home/uidj4668/ADK/imx6x-std-adk/armv7a-mv-linux/usr/lib -Wl,-rpath-link,/home/uidj4668/ADK/imx6x-std-adk/armv7a-mv-linux/usr/lib -Wl,-O1  CMakeFiles/cmTryCompileExec.dir/testCXXCompiler.cxx.o  -o cmTryCompileExec -rdynamic 
make[1]: Leaving directory `/home/uidj4668/code/C/PortAudio/pacap/build/CMakeFiles/CMakeTmp'


Detecting CXX compiler ABI info compiled with the following output:
Change Dir: /home/uidj4668/code/C/PortAudio/pacap/build/CMakeFiles/CMakeTmp

Run Build Command:/home/uidj4668/ADK/imx6x-std-adk/x86_64-linux/usr/bin/make "cmTryCompileExec/fast"
/home/uidj4668/ADK/imx6x-std-adk/x86_64-linux/usr/bin/make -f CMakeFiles/cmTryCompileExec.dir/build.make CMakeFiles/cmTryCompileExec.dir/build
make[1]: Entering directory `/home/uidj4668/code/C/PortAudio/pacap/build/CMakeFiles/CMakeTmp'
/home/uidj4668/ADK/imx6x-std-adk/x86_64-linux/usr/bin/cmake -E cmake_progress_report /home/uidj4668/code/C/PortAudio/pacap/build/CMakeFiles/CMakeTmp/CMakeFiles 1
Building CXX object CMakeFiles/cmTryCompileExec.dir/CMakeCXXCompilerABI.cpp.o
/PROJ/oip/SDK/MG_20150807_M10_6.1.126p/MV_Tools/tools/arm-gnueabi/bin/arm-montavista-linux-gnueabi-g++    -tarmv6    -isystem/home/uidj4668/ADK/imx6x-std-adk/armv7a-mv-linux/usr/include -fexpensive-optimizations -fomit-frame-pointer -frename-registers -O2 -g -fpermissive      -o CMakeFiles/cmTryCompileExec.dir/CMakeCXXCompilerABI.cpp.o -c /home/uidj4668/ADK/imx6x-std-adk/x86_64-linux/usr/share/cmake-2.8/Modules/CMakeCXXCompilerABI.cpp
Linking CXX executable cmTryCompileExec
/home/uidj4668/ADK/imx6x-std-adk/x86_64-linux/usr/bin/cmake -E cmake_link_script CMakeFiles/cmTryCompileExec.dir/link.txt --verbose=1
/PROJ/oip/SDK/MG_20150807_M10_6.1.126p/MV_Tools/tools/arm-gnueabi/bin/arm-montavista-linux-gnueabi-g++    -tarmv6    -isystem/home/uidj4668/ADK/imx6x-std-adk/armv7a-mv-linux/usr/include -fexpensive-optimizations -fomit-frame-pointer -frename-registers -O2 -g -fpermissive     -v CMakeFiles/cmTryCompileExec.dir/CMakeCXXCompilerABI.cpp.o  -o cmTryCompileExec -rdynamic  
Using built-in specs.
Target: arm-montavista-linux-gnueabi
Configured with: /home/build/4.4-arm-gnueabi/src/gcc-4.4-2010q1-mv/configure --build=i686-pc-linux-gnu --host=i686-pc-linux-gnu --target=arm-montavista-linux-gnueabi --enable-threads --disable-libmudflap --disable-libssp --disable-libstdcxx-pch --with-gnu-as --with-gnu-ld --with-specs='%{save-temps: -fverbose-asm} %{funwind-tables|fno-unwind-tables|mabi=*|ffreestanding|nostdlib:;:-funwind-tables} %{O2:%{!fno-remove-local-statics: -fremove-local-statics}} %{O*:%{O|O0|O1|O2|Os:;:%{!fno-remove-local-statics: -fremove-local-statics}}}' --enable-languages=c,c++ --enable-shared --disable-lto --enable-symvers=gnu --enable-__cxa_atexit --with-pkgversion='MontaVista Linux G++ 4.4-1302012138' --with-bugurl=http://support.mvista.com/ --disable-nls --prefix=/opt/montavista --with-sysroot=/opt/montavista/arm-montavista-linux-gnueabi/libc --with-build-sysroot=/home/build/4.4-arm-gnueabi/install/arm-montavista-linux-gnueabi/libc --with-gmp=/home/build/4.4-arm-gnueabi/obj/host-libs-4.4-1302012138-arm-montavista-linux-gnueabi-i686-pc-linux-gnu/usr --with-mpfr=/home/build/4.4-arm-gnueabi/obj/host-libs-4.4-1302012138-arm-montavista-linux-gnueabi-i686-pc-linux-gnu/usr --with-ppl=/home/build/4.4-arm-gnueabi/obj/host-libs-4.4-1302012138-arm-montavista-linux-gnueabi-i686-pc-linux-gnu/usr --with-host-libstdcxx='-static-libgcc -Wl,-Bstatic,-lstdc++,-Bdynamic -lm' --with-cloog=/home/build/4.4-arm-gnueabi/obj/host-libs-4.4-1302012138-arm-montavista-linux-gnueabi-i686-pc-linux-gnu/usr --with-libelf=/home/build/4.4-arm-gnueabi/obj/host-libs-4.4-1302012138-arm-montavista-linux-gnueabi-i686-pc-linux-gnu/usr --enable-libgomp --with-license=/home/build/4.4-arm-gnueabi/obj/host-libs-4.4-1302012138-arm-montavista-linux-gnueabi-i686-pc-linux-gnu/usr --with-csl-license-version=20101024 --with-csl-license-feature=gcc_ARM_MontaVista_Linux --enable-poison-system-directories --with-build-time-tools=/home/build/4.4-arm-gnueabi/install/arm-montavista-linux-gnueabi/bin --with-build-time-tools=/home/build/4.4-arm-gnueabi/install/arm-montavista-linux-gnueabi/bin
Thread model: posix
gcc version 4.4.1 (MontaVista Linux G++ 4.4-1302012138) 
COMPILER_PATH=/PROJ/oip/SDK/MG_20150807_M10_6.1.126p/MV_Tools/tools/arm-gnueabi/bin/../libexec/gcc/arm-montavista-linux-gnueabi/4.4.1/:/PROJ/oip/SDK/MG_20150807_M10_6.1.126p/MV_Tools/tools/arm-gnueabi/bin/../libexec/gcc/:/PROJ/oip/SDK/MG_20150807_M10_6.1.126p/MV_Tools/tools/arm-gnueabi/bin/../lib/gcc/arm-montavista-linux-gnueabi/4.4.1/../../../../arm-montavista-linux-gnueabi/bin/
LIBRARY_PATH=/PROJ/oip/SDK/MG_20150807_M10_6.1.126p/MV_Tools/tools/arm-gnueabi/bin/../lib/gcc/arm-montavista-linux-gnueabi/4.4.1/armv6/:/PROJ/oip/SDK/MG_20150807_M10_6.1.126p/MV_Tools/tools/arm-gnueabi/bin/../lib/gcc/arm-montavista-linux-gnueabi/4.4.1/../../../../arm-montavista-linux-gnueabi/lib/armv6/:/PROJ/oip/SDK/MG_20150807_M10_6.1.126p/MV_Tools/tools/arm-gnueabi/bin/../lib/gcc/arm-montavista-linux-gnueabi/4.4.1/:/PROJ/oip/SDK/MG_20150807_M10_6.1.126p/MV_Tools/tools/arm-gnueabi/bin/../lib/gcc/:/PROJ/oip/SDK/MG_20150807_M10_6.1.126p/MV_Tools/tools/arm-gnueabi/bin/../lib/gcc/arm-montavista-linux-gnueabi/4.4.1/../../../../arm-montavista-linux-gnueabi/lib/:/PROJ/oip/SDK/MG_20150807_M10_6.1.126p/MV_Tools/tools/arm-gnueabi/bin/../arm-montavista-linux-gnueabi/libc/armv6/lib/:/PROJ/oip/SDK/MG_20150807_M10_6.1.126p/MV_Tools/tools/arm-gnueabi/bin/../arm-montavista-linux-gnueabi/libc/armv6/usr/lib/
COLLECT_GCC_OPTIONS='-tarmv6' '-isystem/home/uidj4668/ADK/imx6x-std-adk/armv7a-mv-linux/usr/include' '-fexpensive-optimizations' '-fomit-frame-pointer' '-frename-registers' '-O2' '-g' '-fpermissive' '-v' '-o' 'cmTryCompileExec' '-rdynamic' '-shared-libgcc' '-funwind-tables' '-fremove-local-statics'
 /PROJ/oip/SDK/MG_20150807_M10_6.1.126p/MV_Tools/tools/arm-gnueabi/bin/../libexec/gcc/arm-montavista-linux-gnueabi/4.4.1/collect2 --sysroot=/PROJ/oip/SDK/MG_20150807_M10_6.1.126p/MV_Tools/tools/arm-gnueabi/bin/../arm-montavista-linux-gnueabi/libc/armv6 --eh-frame-hdr -export-dynamic -dynamic-linker /lib/ld-linux.so.3 -X -m armelf_linux_eabi -o cmTryCompileExec /PROJ/oip/SDK/MG_20150807_M10_6.1.126p/MV_Tools/tools/arm-gnueabi/bin/../arm-montavista-linux-gnueabi/libc/armv6/usr/lib/crt1.o /PROJ/oip/SDK/MG_20150807_M10_6.1.126p/MV_Tools/tools/arm-gnueabi/bin/../arm-montavista-linux-gnueabi/libc/armv6/usr/lib/crti.o /PROJ/oip/SDK/MG_20150807_M10_6.1.126p/MV_Tools/tools/arm-gnueabi/bin/../lib/gcc/arm-montavista-linux-gnueabi/4.4.1/armv6/crtbegin.o -L/PROJ/oip/SDK/MG_20150807_M10_6.1.126p/MV_Tools/tools/arm-gnueabi/bin/../lib/gcc/arm-montavista-linux-gnueabi/4.4.1/armv6 -L/PROJ/oip/SDK/MG_20150807_M10_6.1.126p/MV_Tools/tools/arm-gnueabi/bin/../lib/gcc/arm-montavista-linux-gnueabi/4.4.1/../../../../arm-montavista-linux-gnueabi/lib/armv6 -L/PROJ/oip/SDK/MG_20150807_M10_6.1.126p/MV_Tools/tools/arm-gnueabi/bin/../lib/gcc/arm-montavista-linux-gnueabi/4.4.1 -L/PROJ/oip/SDK/MG_20150807_M10_6.1.126p/MV_Tools/tools/arm-gnueabi/bin/../lib/gcc -L/PROJ/oip/SDK/MG_20150807_M10_6.1.126p/MV_Tools/tools/arm-gnueabi/bin/../lib/gcc/arm-montavista-linux-gnueabi/4.4.1/../../../../arm-montavista-linux-gnueabi/lib -L/PROJ/oip/SDK/MG_20150807_M10_6.1.126p/MV_Tools/tools/arm-gnueabi/bin/../arm-montavista-linux-gnueabi/libc/armv6/lib -L/PROJ/oip/SDK/MG_20150807_M10_6.1.126p/MV_Tools/tools/arm-gnueabi/bin/../arm-montavista-linux-gnueabi/libc/armv6/usr/lib CMakeFiles/cmTryCompileExec.dir/CMakeCXXCompilerABI.cpp.o -lstdc++ -lm -lgcc_s -lgcc -lc -lgcc_s -lgcc /PROJ/oip/SDK/MG_20150807_M10_6.1.126p/MV_Tools/tools/arm-gnueabi/bin/../lib/gcc/arm-montavista-linux-gnueabi/4.4.1/armv6/crtend.o /PROJ/oip/SDK/MG_20150807_M10_6.1.126p/MV_Tools/tools/arm-gnueabi/bin/../arm-montavista-linux-gnueabi/libc/armv6/usr/lib/crtn.o
make[1]: Leaving directory `/home/uidj4668/code/C/PortAudio/pacap/build/CMakeFiles/CMakeTmp'


Parsed CXX implicit link information from above output:
  link line regex: [^( *|.*[/\])(ld|ld|collect2)[^/\]*( |$)]
  ignore line: [Change Dir: /home/uidj4668/code/C/PortAudio/pacap/build/CMakeFiles/CMakeTmp]
  ignore line: []
  ignore line: [Run Build Command:/home/uidj4668/ADK/imx6x-std-adk/x86_64-linux/usr/bin/make "cmTryCompileExec/fast"]
  ignore line: [/home/uidj4668/ADK/imx6x-std-adk/x86_64-linux/usr/bin/make -f CMakeFiles/cmTryCompileExec.dir/build.make CMakeFiles/cmTryCompileExec.dir/build]
  ignore line: [make[1]: Entering directory `/home/uidj4668/code/C/PortAudio/pacap/build/CMakeFiles/CMakeTmp']
  ignore line: [/home/uidj4668/ADK/imx6x-std-adk/x86_64-linux/usr/bin/cmake -E cmake_progress_report /home/uidj4668/code/C/PortAudio/pacap/build/CMakeFiles/CMakeTmp/CMakeFiles 1]
  ignore line: [Building CXX object CMakeFiles/cmTryCompileExec.dir/CMakeCXXCompilerABI.cpp.o]
  ignore line: [/PROJ/oip/SDK/MG_20150807_M10_6.1.126p/MV_Tools/tools/arm-gnueabi/bin/arm-montavista-linux-gnueabi-g++    -tarmv6    -isystem/home/uidj4668/ADK/imx6x-std-adk/armv7a-mv-linux/usr/include -fexpensive-optimizations -fomit-frame-pointer -frename-registers -O2 -g -fpermissive      -o CMakeFiles/cmTryCompileExec.dir/CMakeCXXCompilerABI.cpp.o -c /home/uidj4668/ADK/imx6x-std-adk/x86_64-linux/usr/share/cmake-2.8/Modules/CMakeCXXCompilerABI.cpp]
  ignore line: [Linking CXX executable cmTryCompileExec]
  ignore line: [/home/uidj4668/ADK/imx6x-std-adk/x86_64-linux/usr/bin/cmake -E cmake_link_script CMakeFiles/cmTryCompileExec.dir/link.txt --verbose=1]
  ignore line: [/PROJ/oip/SDK/MG_20150807_M10_6.1.126p/MV_Tools/tools/arm-gnueabi/bin/arm-montavista-linux-gnueabi-g++    -tarmv6    -isystem/home/uidj4668/ADK/imx6x-std-adk/armv7a-mv-linux/usr/include -fexpensive-optimizations -fomit-frame-pointer -frename-registers -O2 -g -fpermissive     -v CMakeFiles/cmTryCompileExec.dir/CMakeCXXCompilerABI.cpp.o  -o cmTryCompileExec -rdynamic  ]
  ignore line: [Using built-in specs.]
  ignore line: [Target: arm-montavista-linux-gnueabi]
  ignore line: [Configured with: /home/build/4.4-arm-gnueabi/src/gcc-4.4-2010q1-mv/configure --build=i686-pc-linux-gnu --host=i686-pc-linux-gnu --target=arm-montavista-linux-gnueabi --enable-threads --disable-libmudflap --disable-libssp --disable-libstdcxx-pch --with-gnu-as --with-gnu-ld --with-specs='%{save-temps: -fverbose-asm} %{funwind-tables|fno-unwind-tables|mabi=*|ffreestanding|nostdlib:]
  ignore line: [:-funwind-tables} %{O2:%{!fno-remove-local-statics: -fremove-local-statics}} %{O*:%{O|O0|O1|O2|Os:]
  ignore line: [:%{!fno-remove-local-statics: -fremove-local-statics}}}' --enable-languages=c,c++ --enable-shared --disable-lto --enable-symvers=gnu --enable-__cxa_atexit --with-pkgversion='MontaVista Linux G++ 4.4-1302012138' --with-bugurl=http://support.mvista.com/ --disable-nls --prefix=/opt/montavista --with-sysroot=/opt/montavista/arm-montavista-linux-gnueabi/libc --with-build-sysroot=/home/build/4.4-arm-gnueabi/install/arm-montavista-linux-gnueabi/libc --with-gmp=/home/build/4.4-arm-gnueabi/obj/host-libs-4.4-1302012138-arm-montavista-linux-gnueabi-i686-pc-linux-gnu/usr --with-mpfr=/home/build/4.4-arm-gnueabi/obj/host-libs-4.4-1302012138-arm-montavista-linux-gnueabi-i686-pc-linux-gnu/usr --with-ppl=/home/build/4.4-arm-gnueabi/obj/host-libs-4.4-1302012138-arm-montavista-linux-gnueabi-i686-pc-linux-gnu/usr --with-host-libstdcxx='-static-libgcc -Wl,-Bstatic,-lstdc++,-Bdynamic -lm' --with-cloog=/home/build/4.4-arm-gnueabi/obj/host-libs-4.4-1302012138-arm-montavista-linux-gnueabi-i686-pc-linux-gnu/usr --with-libelf=/home/build/4.4-arm-gnueabi/obj/host-libs-4.4-1302012138-arm-montavista-linux-gnueabi-i686-pc-linux-gnu/usr --enable-libgomp --with-license=/home/build/4.4-arm-gnueabi/obj/host-libs-4.4-1302012138-arm-montavista-linux-gnueabi-i686-pc-linux-gnu/usr --with-csl-license-version=20101024 --with-csl-license-feature=gcc_ARM_MontaVista_Linux --enable-poison-system-directories --with-build-time-tools=/home/build/4.4-arm-gnueabi/install/arm-montavista-linux-gnueabi/bin --with-build-time-tools=/home/build/4.4-arm-gnueabi/install/arm-montavista-linux-gnueabi/bin]
  ignore line: [Thread model: posix]
  ignore line: [gcc version 4.4.1 (MontaVista Linux G++ 4.4-1302012138) ]
  ignore line: [COMPILER_PATH=/PROJ/oip/SDK/MG_20150807_M10_6.1.126p/MV_Tools/tools/arm-gnueabi/bin/../libexec/gcc/arm-montavista-linux-gnueabi/4.4.1/:/PROJ/oip/SDK/MG_20150807_M10_6.1.126p/MV_Tools/tools/arm-gnueabi/bin/../libexec/gcc/:/PROJ/oip/SDK/MG_20150807_M10_6.1.126p/MV_Tools/tools/arm-gnueabi/bin/../lib/gcc/arm-montavista-linux-gnueabi/4.4.1/../../../../arm-montavista-linux-gnueabi/bin/]
  ignore line: [LIBRARY_PATH=/PROJ/oip/SDK/MG_20150807_M10_6.1.126p/MV_Tools/tools/arm-gnueabi/bin/../lib/gcc/arm-montavista-linux-gnueabi/4.4.1/armv6/:/PROJ/oip/SDK/MG_20150807_M10_6.1.126p/MV_Tools/tools/arm-gnueabi/bin/../lib/gcc/arm-montavista-linux-gnueabi/4.4.1/../../../../arm-montavista-linux-gnueabi/lib/armv6/:/PROJ/oip/SDK/MG_20150807_M10_6.1.126p/MV_Tools/tools/arm-gnueabi/bin/../lib/gcc/arm-montavista-linux-gnueabi/4.4.1/:/PROJ/oip/SDK/MG_20150807_M10_6.1.126p/MV_Tools/tools/arm-gnueabi/bin/../lib/gcc/:/PROJ/oip/SDK/MG_20150807_M10_6.1.126p/MV_Tools/tools/arm-gnueabi/bin/../lib/gcc/arm-montavista-linux-gnueabi/4.4.1/../../../../arm-montavista-linux-gnueabi/lib/:/PROJ/oip/SDK/MG_20150807_M10_6.1.126p/MV_Tools/tools/arm-gnueabi/bin/../arm-montavista-linux-gnueabi/libc/armv6/lib/:/PROJ/oip/SDK/MG_20150807_M10_6.1.126p/MV_Tools/tools/arm-gnueabi/bin/../arm-montavista-linux-gnueabi/libc/armv6/usr/lib/]
  ignore line: [COLLECT_GCC_OPTIONS='-tarmv6' '-isystem/home/uidj4668/ADK/imx6x-std-adk/armv7a-mv-linux/usr/include' '-fexpensive-optimizations' '-fomit-frame-pointer' '-frename-registers' '-O2' '-g' '-fpermissive' '-v' '-o' 'cmTryCompileExec' '-rdynamic' '-shared-libgcc' '-funwind-tables' '-fremove-local-statics']
  link line: [ /PROJ/oip/SDK/MG_20150807_M10_6.1.126p/MV_Tools/tools/arm-gnueabi/bin/../libexec/gcc/arm-montavista-linux-gnueabi/4.4.1/collect2 --sysroot=/PROJ/oip/SDK/MG_20150807_M10_6.1.126p/MV_Tools/tools/arm-gnueabi/bin/../arm-montavista-linux-gnueabi/libc/armv6 --eh-frame-hdr -export-dynamic -dynamic-linker /lib/ld-linux.so.3 -X -m armelf_linux_eabi -o cmTryCompileExec /PROJ/oip/SDK/MG_20150807_M10_6.1.126p/MV_Tools/tools/arm-gnueabi/bin/../arm-montavista-linux-gnueabi/libc/armv6/usr/lib/crt1.o /PROJ/oip/SDK/MG_20150807_M10_6.1.126p/MV_Tools/tools/arm-gnueabi/bin/../arm-montavista-linux-gnueabi/libc/armv6/usr/lib/crti.o /PROJ/oip/SDK/MG_20150807_M10_6.1.126p/MV_Tools/tools/arm-gnueabi/bin/../lib/gcc/arm-montavista-linux-gnueabi/4.4.1/armv6/crtbegin.o -L/PROJ/oip/SDK/MG_20150807_M10_6.1.126p/MV_Tools/tools/arm-gnueabi/bin/../lib/gcc/arm-montavista-linux-gnueabi/4.4.1/armv6 -L/PROJ/oip/SDK/MG_20150807_M10_6.1.126p/MV_Tools/tools/arm-gnueabi/bin/../lib/gcc/arm-montavista-linux-gnueabi/4.4.1/../../../../arm-montavista-linux-gnueabi/lib/armv6 -L/PROJ/oip/SDK/MG_20150807_M10_6.1.126p/MV_Tools/tools/arm-gnueabi/bin/../lib/gcc/arm-montavista-linux-gnueabi/4.4.1 -L/PROJ/oip/SDK/MG_20150807_M10_6.1.126p/MV_Tools/tools/arm-gnueabi/bin/../lib/gcc -L/PROJ/oip/SDK/MG_20150807_M10_6.1.126p/MV_Tools/tools/arm-gnueabi/bin/../lib/gcc/arm-montavista-linux-gnueabi/4.4.1/../../../../arm-montavista-linux-gnueabi/lib -L/PROJ/oip/SDK/MG_20150807_M10_6.1.126p/MV_Tools/tools/arm-gnueabi/bin/../arm-montavista-linux-gnueabi/libc/armv6/lib -L/PROJ/oip/SDK/MG_20150807_M10_6.1.126p/MV_Tools/tools/arm-gnueabi/bin/../arm-montavista-linux-gnueabi/libc/armv6/usr/lib CMakeFiles/cmTryCompileExec.dir/CMakeCXXCompilerABI.cpp.o -lstdc++ -lm -lgcc_s -lgcc -lc -lgcc_s -lgcc /PROJ/oip/SDK/MG_20150807_M10_6.1.126p/MV_Tools/tools/arm-gnueabi/bin/../lib/gcc/arm-montavista-linux-gnueabi/4.4.1/armv6/crtend.o /PROJ/oip/SDK/MG_20150807_M10_6.1.126p/MV_Tools/tools/arm-gnueabi/bin/../arm-montavista-linux-gnueabi/libc/armv6/usr/lib/crtn.o]
    arg [/PROJ/oip/SDK/MG_20150807_M10_6.1.126p/MV_Tools/tools/arm-gnueabi/bin/../libexec/gcc/arm-montavista-linux-gnueabi/4.4.1/collect2] ==> ignore
    arg [--sysroot=/PROJ/oip/SDK/MG_20150807_M10_6.1.126p/MV_Tools/tools/arm-gnueabi/bin/../arm-montavista-linux-gnueabi/libc/armv6] ==> ignore
    arg [--eh-frame-hdr] ==> ignore
    arg [-export-dynamic] ==> ignore
    arg [-dynamic-linker] ==> ignore
    arg [/lib/ld-linux.so.3] ==> ignore
    arg [-X] ==> ignore
    arg [-m] ==> ignore
    arg [armelf_linux_eabi] ==> ignore
    arg [-o] ==> ignore
    arg [cmTryCompileExec] ==> ignore
    arg [/PROJ/oip/SDK/MG_20150807_M10_6.1.126p/MV_Tools/tools/arm-gnueabi/bin/../arm-montavista-linux-gnueabi/libc/armv6/usr/lib/crt1.o] ==> ignore
    arg [/PROJ/oip/SDK/MG_20150807_M10_6.1.126p/MV_Tools/tools/arm-gnueabi/bin/../arm-montavista-linux-gnueabi/libc/armv6/usr/lib/crti.o] ==> ignore
    arg [/PROJ/oip/SDK/MG_20150807_M10_6.1.126p/MV_Tools/tools/arm-gnueabi/bin/../lib/gcc/arm-montavista-linux-gnueabi/4.4.1/armv6/crtbegin.o] ==> ignore
    arg [-L/PROJ/oip/SDK/MG_20150807_M10_6.1.126p/MV_Tools/tools/arm-gnueabi/bin/../lib/gcc/arm-montavista-linux-gnueabi/4.4.1/armv6] ==> dir [/PROJ/oip/SDK/MG_20150807_M10_6.1.126p/MV_Tools/tools/arm-gnueabi/bin/../lib/gcc/arm-montavista-linux-gnueabi/4.4.1/armv6]
    arg [-L/PROJ/oip/SDK/MG_20150807_M10_6.1.126p/MV_Tools/tools/arm-gnueabi/bin/../lib/gcc/arm-montavista-linux-gnueabi/4.4.1/../../../../arm-montavista-linux-gnueabi/lib/armv6] ==> dir [/PROJ/oip/SDK/MG_20150807_M10_6.1.126p/MV_Tools/tools/arm-gnueabi/bin/../lib/gcc/arm-montavista-linux-gnueabi/4.4.1/../../../../arm-montavista-linux-gnueabi/lib/armv6]
    arg [-L/PROJ/oip/SDK/MG_20150807_M10_6.1.126p/MV_Tools/tools/arm-gnueabi/bin/../lib/gcc/arm-montavista-linux-gnueabi/4.4.1] ==> dir [/PROJ/oip/SDK/MG_20150807_M10_6.1.126p/MV_Tools/tools/arm-gnueabi/bin/../lib/gcc/arm-montavista-linux-gnueabi/4.4.1]
    arg [-L/PROJ/oip/SDK/MG_20150807_M10_6.1.126p/MV_Tools/tools/arm-gnueabi/bin/../lib/gcc] ==> dir [/PROJ/oip/SDK/MG_20150807_M10_6.1.126p/MV_Tools/tools/arm-gnueabi/bin/../lib/gcc]
    arg [-L/PROJ/oip/SDK/MG_20150807_M10_6.1.126p/MV_Tools/tools/arm-gnueabi/bin/../lib/gcc/arm-montavista-linux-gnueabi/4.4.1/../../../../arm-montavista-linux-gnueabi/lib] ==> dir [/PROJ/oip/SDK/MG_20150807_M10_6.1.126p/MV_Tools/tools/arm-gnueabi/bin/../lib/gcc/arm-montavista-linux-gnueabi/4.4.1/../../../../arm-montavista-linux-gnueabi/lib]
    arg [-L/PROJ/oip/SDK/MG_20150807_M10_6.1.126p/MV_Tools/tools/arm-gnueabi/bin/../arm-montavista-linux-gnueabi/libc/armv6/lib] ==> dir [/PROJ/oip/SDK/MG_20150807_M10_6.1.126p/MV_Tools/tools/arm-gnueabi/bin/../arm-montavista-linux-gnueabi/libc/armv6/lib]
    arg [-L/PROJ/oip/SDK/MG_20150807_M10_6.1.126p/MV_Tools/tools/arm-gnueabi/bin/../arm-montavista-linux-gnueabi/libc/armv6/usr/lib] ==> dir [/PROJ/oip/SDK/MG_20150807_M10_6.1.126p/MV_Tools/tools/arm-gnueabi/bin/../arm-montavista-linux-gnueabi/libc/armv6/usr/lib]
    arg [CMakeFiles/cmTryCompileExec.dir/CMakeCXXCompilerABI.cpp.o] ==> ignore
    arg [-lstdc++] ==> lib [stdc++]
    arg [-lm] ==> lib [m]
    arg [-lgcc_s] ==> lib [gcc_s]
    arg [-lgcc] ==> lib [gcc]
    arg [-lc] ==> lib [c]
    arg [-lgcc_s] ==> lib [gcc_s]
    arg [-lgcc] ==> lib [gcc]
    arg [/PROJ/oip/SDK/MG_20150807_M10_6.1.126p/MV_Tools/tools/arm-gnueabi/bin/../lib/gcc/arm-montavista-linux-gnueabi/4.4.1/armv6/crtend.o] ==> ignore
    arg [/PROJ/oip/SDK/MG_20150807_M10_6.1.126p/MV_Tools/tools/arm-gnueabi/bin/../arm-montavista-linux-gnueabi/libc/armv6/usr/lib/crtn.o] ==> ignore
  remove lib [gcc_s]
  remove lib [gcc]
  remove lib [gcc_s]
  remove lib [gcc]
  collapse dir [/PROJ/oip/SDK/MG_20150807_M10_6.1.126p/MV_Tools/tools/arm-gnueabi/bin/../lib/gcc/arm-montavista-linux-gnueabi/4.4.1/armv6] ==> [/PROJ/oip/SDK/MG_20150807_M10_6.1.126p/MV_Tools/tools/arm-gnueabi/lib/gcc/arm-montavista-linux-gnueabi/4.4.1/armv6]
  collapse dir [/PROJ/oip/SDK/MG_20150807_M10_6.1.126p/MV_Tools/tools/arm-gnueabi/bin/../lib/gcc/arm-montavista-linux-gnueabi/4.4.1/../../../../arm-montavista-linux-gnueabi/lib/armv6] ==> [/PROJ/oip/SDK/MG_20150807_M10_6.1.126p/MV_Tools/tools/arm-gnueabi/arm-montavista-linux-gnueabi/lib/armv6]
  collapse dir [/PROJ/oip/SDK/MG_20150807_M10_6.1.126p/MV_Tools/tools/arm-gnueabi/bin/../lib/gcc/arm-montavista-linux-gnueabi/4.4.1] ==> [/PROJ/oip/SDK/MG_20150807_M10_6.1.126p/MV_Tools/tools/arm-gnueabi/lib/gcc/arm-montavista-linux-gnueabi/4.4.1]
  collapse dir [/PROJ/oip/SDK/MG_20150807_M10_6.1.126p/MV_Tools/tools/arm-gnueabi/bin/../lib/gcc] ==> [/PROJ/oip/SDK/MG_20150807_M10_6.1.126p/MV_Tools/tools/arm-gnueabi/lib/gcc]
  collapse dir [/PROJ/oip/SDK/MG_20150807_M10_6.1.126p/MV_Tools/tools/arm-gnueabi/bin/../lib/gcc/arm-montavista-linux-gnueabi/4.4.1/../../../../arm-montavista-linux-gnueabi/lib] ==> [/PROJ/oip/SDK/MG_20150807_M10_6.1.126p/MV_Tools/tools/arm-gnueabi/arm-montavista-linux-gnueabi/lib]
  collapse dir [/PROJ/oip/SDK/MG_20150807_M10_6.1.126p/MV_Tools/tools/arm-gnueabi/bin/../arm-montavista-linux-gnueabi/libc/armv6/lib] ==> [/PROJ/oip/SDK/MG_20150807_M10_6.1.126p/MV_Tools/tools/arm-gnueabi/arm-montavista-linux-gnueabi/libc/armv6/lib]
  collapse dir [/PROJ/oip/SDK/MG_20150807_M10_6.1.126p/MV_Tools/tools/arm-gnueabi/bin/../arm-montavista-linux-gnueabi/libc/armv6/usr/lib] ==> [/PROJ/oip/SDK/MG_20150807_M10_6.1.126p/MV_Tools/tools/arm-gnueabi/arm-montavista-linux-gnueabi/libc/armv6/usr/lib]
  implicit libs: [stdc++;m;c]
  implicit dirs: [/PROJ/oip/SDK/MG_20150807_M10_6.1.126p/MV_Tools/tools/arm-gnueabi/lib/gcc/arm-montavista-linux-gnueabi/4.4.1/armv6;/PROJ/oip/SDK/MG_20150807_M10_6.1.126p/MV_Tools/tools/arm-gnueabi/arm-montavista-linux-gnueabi/lib/armv6;/PROJ/oip/SDK/MG_20150807_M10_6.1.126p/MV_Tools/tools/arm-gnueabi/lib/gcc/arm-montavista-linux-gnueabi/4.4.1;/PROJ/oip/SDK/MG_20150807_M10_6.1.126p/MV_Tools/tools/arm-gnueabi/lib/gcc;/PROJ/oip/SDK/MG_20150807_M10_6.1.126p/MV_Tools/tools/arm-gnueabi/arm-montavista-linux-gnueabi/lib;/PROJ/oip/SDK/MG_20150807_M10_6.1.126p/MV_Tools/tools/arm-gnueabi/arm-montavista-linux-gnueabi/libc/armv6/lib;/PROJ/oip/SDK/MG_20150807_M10_6.1.126p/MV_Tools/tools/arm-gnueabi/arm-montavista-linux-gnueabi/libc/armv6/usr/lib]


